<?xml version="1.0" encoding="UTF-8"?>
<robot generator="Robot 7.2 (Python 3.12.8 on win32)" generated="2025-02-02T17:09:27.749103" rpa="false" schemaversion="5">
<suite id="s1" name="Login" source="c:\Jenkins-tutorial\HRLITE\Test_cases\Login.robot">
<test id="s1-t1" name="oinValid Login2" line="63">
<kw name="Launch Browser" owner="General_Controller" type="SETUP">
<kw name="Open Browser" owner="SeleniumLibrary">
<msg time="2025-02-02T17:09:27.971095" level="INFO">Opening browser 'chrome' to base url 'https://www.saucedemo.com/'.</msg>
<arg>${url}</arg>
<arg>${browser1}</arg>
<doc>Opens a new browser instance to the optional ``url``.</doc>
<status status="PASS" start="2025-02-02T17:09:27.971095" elapsed="1.298242"/>
</kw>
<kw name="Maximize Browser Window" owner="SeleniumLibrary">
<doc>Maximizes current browser window.</doc>
<status status="PASS" start="2025-02-02T17:09:29.270337" elapsed="0.021897"/>
</kw>
<kw name="Set Browser Implicit Wait" owner="SeleniumLibrary">
<arg>5s</arg>
<doc>Sets the implicit wait value used by Selenium.</doc>
<status status="PASS" start="2025-02-02T17:09:29.292234" elapsed="0.002173"/>
</kw>
<status status="PASS" start="2025-02-02T17:09:27.970095" elapsed="1.324312"/>
</kw>
<kw name="Wait Until Element Is Visible" owner="SeleniumLibrary">
<msg time="2025-02-02T17:09:34.594953" level="INFO" html="true">&lt;/td&gt;&lt;/tr&gt;&lt;tr&gt;&lt;td colspan="3"&gt;&lt;a href="selenium-screenshot-8.png"&gt;&lt;img src="selenium-screenshot-8.png" width="800px"&gt;&lt;/a&gt;</msg>
<msg time="2025-02-02T17:09:34.595953" level="FAIL">Element '//input[@name='username']' not visible after 5 seconds.</msg>
<arg>//input[@name='username']</arg>
<doc>Waits until the element ``locator`` is visible.</doc>
<status status="FAIL" start="2025-02-02T17:09:29.294407" elapsed="5.302547">Element '//input[@name='username']' not visible after 5 seconds.</status>
</kw>
<kw name="Input Text" owner="SeleniumLibrary">
<arg>//input[@name='username']</arg>
<arg>Admin</arg>
<doc>Types the given ``text`` into the text field identified by ``locator``.</doc>
<status status="NOT RUN" start="2025-02-02T17:09:34.596954" elapsed="0.000999"/>
</kw>
<kw name="Input Password" owner="SeleniumLibrary">
<arg>//input[@name='password']</arg>
<arg>admin12y3</arg>
<doc>Types the given password into the text field identified by ``locator``.</doc>
<status status="NOT RUN" start="2025-02-02T17:09:34.597953" elapsed="0.000000"/>
</kw>
<kw name="Click Button" owner="SeleniumLibrary">
<arg>//button[@type='submit']</arg>
<doc>Clicks the button identified by ``locator``.</doc>
<status status="NOT RUN" start="2025-02-02T17:09:34.597953" elapsed="0.000000"/>
</kw>
<kw name="Wait Until Element Is Visible" owner="SeleniumLibrary">
<arg>//p[text()='Invalid credentials']</arg>
<doc>Waits until the element ``locator`` is visible.</doc>
<status status="NOT RUN" start="2025-02-02T17:09:34.597953" elapsed="0.000000"/>
</kw>
<kw name="Close All Browsers" owner="SeleniumLibrary" type="TEARDOWN">
<doc>Closes all open browsers and resets the browser cache.</doc>
<status status="PASS" start="2025-02-02T17:09:34.598954" elapsed="2.097543"/>
</kw>
<doc>Verify inValid Login</doc>
<status status="FAIL" start="2025-02-02T17:09:27.970095" elapsed="8.726402">Element '//input[@name='username']' not visible after 5 seconds.</status>
</test>
<status status="FAIL" start="2025-02-02T17:09:27.754105" elapsed="8.943393"/>
</suite>
<statistics>
<total>
<stat pass="0" fail="1" skip="0">All Tests</stat>
</total>
<tag>
</tag>
<suite>
<stat name="Login" id="s1" pass="0" fail="1" skip="0">Login</stat>
</suite>
</statistics>
<errors>
</errors>
</robot>
