<?xml version="1.0" encoding="UTF-8"?>
<robot generator="Robot 7.2 (Python 3.13.1 on win32)" generated="2025-01-28T08:25:47.461795" rpa="false" schemaversion="5">
<suite id="s1" name="Login" source="C:\project\HRLITE\Test_cases\Login.robot">
<test id="s1-t1" name="Valid Login" line="20">
<kw name="Launch Browser" owner="General_Controller" type="SETUP">
<kw name="Open Browser" owner="SeleniumLibrary">
<msg time="2025-01-28T08:25:48.698502" level="INFO">Opening browser 'chrome' to base url 'https://hrlite-dost5.asti.dost.gov.ph/index.php?r=site/systemSetup'.</msg>
<arg>${url}</arg>
<arg>${browser}</arg>
<doc>Opens a new browser instance to the optional ``url``.</doc>
<status status="PASS" start="2025-01-28T08:25:48.698269" elapsed="10.814335"/>
</kw>
<kw name="Maximize Browser Window" owner="SeleniumLibrary">
<doc>Maximizes current browser window.</doc>
<status status="PASS" start="2025-01-28T08:25:59.521871" elapsed="0.028924"/>
</kw>
<kw name="Set Browser Implicit Wait" owner="SeleniumLibrary">
<arg>5s</arg>
<doc>Sets the implicit wait value used by Selenium.</doc>
<status status="PASS" start="2025-01-28T08:25:59.551190" elapsed="0.001625"/>
</kw>
<status status="PASS" start="2025-01-28T08:25:48.697727" elapsed="10.855334"/>
</kw>
<kw name="Set Selenium Implicit Wait" owner="SeleniumLibrary">
<arg>${short}</arg>
<doc>Sets the implicit wait value used by Selenium.</doc>
<status status="PASS" start="2025-01-28T08:25:59.553286" elapsed="0.000942"/>
</kw>
<kw name="Input Text" owner="SeleniumLibrary">
<msg time="2025-01-28T08:25:59.554706" level="INFO">Typing text 'aries' into text field 'xpath://input[@id='LoginForm_username']'.</msg>
<arg>${username_field}</arg>
<arg>${username}</arg>
<doc>Types the given ``text`` into the text field identified by ``locator``.</doc>
<status status="PASS" start="2025-01-28T08:25:59.554420" elapsed="0.124615"/>
</kw>
<kw name="Input Password" owner="SeleniumLibrary">
<msg time="2025-01-28T08:25:59.684810" level="INFO">Typing password into text field 'xpath://input[@id='LoginForm_password']'.</msg>
<msg time="2025-01-28T08:25:59.721430" level="INFO">Temporally setting log level to: NONE</msg>
<arg>${password_field}</arg>
<arg>${password}</arg>
<doc>Types the given password into the text field identified by ``locator``.</doc>
<status status="PASS" start="2025-01-28T08:25:59.684555" elapsed="0.110290"/>
</kw>
<kw name="Click Button" owner="SeleniumLibrary">
<msg time="2025-01-28T08:25:59.802182" level="INFO">Clicking button 'xpath://button[@class='btn pull-right btn-primary btn-lg']'.</msg>
<arg>${signIn_button}</arg>
<doc>Clicks the button identified by ``locator``.</doc>
<status status="PASS" start="2025-01-28T08:25:59.801870" elapsed="1.351228"/>
</kw>
<kw name="Click Element" owner="SeleniumLibrary">
<msg time="2025-01-28T08:26:01.166000" level="INFO">Clicking element '//input[@id='acceptTerms']'.</msg>
<arg>//input[@id='acceptTerms']</arg>
<doc>Click the element identified by ``locator``.</doc>
<status status="PASS" start="2025-01-28T08:26:01.165235" elapsed="0.095886"/>
</kw>
<kw name="Click Button" owner="SeleniumLibrary">
<msg time="2025-01-28T08:26:01.268475" level="INFO">Clicking button '//button[@id='continueBtn']'.</msg>
<arg>//button[@id='continueBtn']</arg>
<doc>Clicks the button identified by ``locator``.</doc>
<status status="PASS" start="2025-01-28T08:26:01.268203" elapsed="0.090356"/>
</kw>
<kw name="Wait Until Element Is Visible" owner="SeleniumLibrary">
<arg>//i[@class='fa fa-bars']</arg>
<doc>Waits until the element ``locator`` is visible.</doc>
<status status="PASS" start="2025-01-28T08:26:01.367075" elapsed="0.047980"/>
</kw>
<kw name="Close All Browsers" owner="SeleniumLibrary" type="TEARDOWN">
<doc>Closes all open browsers and resets the browser cache.</doc>
<status status="PASS" start="2025-01-28T08:26:01.416064" elapsed="3.684377"/>
</kw>
<doc>Verify Valid Login</doc>
<status status="PASS" start="2025-01-28T08:25:48.697178" elapsed="16.404024"/>
</test>
<test id="s1-t2" name="Invalid Login" line="33">
<kw name="Launch Browser" owner="General_Controller" type="SETUP">
<kw name="Open Browser" owner="SeleniumLibrary">
<msg time="2025-01-28T08:26:05.120117" level="INFO">Opening browser 'chrome' to base url 'https://hrlite-dost5.asti.dost.gov.ph/index.php?r=site/systemSetup'.</msg>
<arg>${url}</arg>
<arg>${browser}</arg>
<doc>Opens a new browser instance to the optional ``url``.</doc>
<status status="PASS" start="2025-01-28T08:26:05.119679" elapsed="5.223953"/>
</kw>
<kw name="Maximize Browser Window" owner="SeleniumLibrary">
<doc>Maximizes current browser window.</doc>
<status status="PASS" start="2025-01-28T08:26:10.351245" elapsed="0.032788"/>
</kw>
<kw name="Set Browser Implicit Wait" owner="SeleniumLibrary">
<arg>5s</arg>
<doc>Sets the implicit wait value used by Selenium.</doc>
<status status="PASS" start="2025-01-28T08:26:10.384354" elapsed="0.001110"/>
</kw>
<status status="PASS" start="2025-01-28T08:26:05.119046" elapsed="5.266651"/>
</kw>
<kw name="Set Selenium Implicit Wait" owner="SeleniumLibrary">
<arg>${short}</arg>
<doc>Sets the implicit wait value used by Selenium.</doc>
<status status="PASS" start="2025-01-28T08:26:10.385984" elapsed="0.000928"/>
</kw>
<kw name="Input Text" owner="SeleniumLibrary">
<msg time="2025-01-28T08:26:10.387493" level="INFO">Typing text 'test' into text field '//input[@id='LoginForm_username']'.</msg>
<arg>//input[@id='LoginForm_username']</arg>
<arg>test</arg>
<doc>Types the given ``text`` into the text field identified by ``locator``.</doc>
<status status="PASS" start="2025-01-28T08:26:10.387202" elapsed="0.145563"/>
</kw>
<kw name="Input Password" owner="SeleniumLibrary">
<msg time="2025-01-28T08:26:10.543149" level="INFO">Typing password into text field '//input[@id='LoginForm_password']'.</msg>
<msg time="2025-01-28T08:26:10.584826" level="INFO">Temporally setting log level to: NONE</msg>
<arg>//input[@id='LoginForm_password']</arg>
<arg>test</arg>
<doc>Types the given password into the text field identified by ``locator``.</doc>
<status status="PASS" start="2025-01-28T08:26:10.542790" elapsed="0.108560"/>
</kw>
<kw name="Click Button" owner="SeleniumLibrary">
<msg time="2025-01-28T08:26:10.660277" level="INFO">Clicking button '//button[@class='btn pull-right btn-primary btn-lg']'.</msg>
<arg>//button[@class='btn pull-right btn-primary btn-lg']</arg>
<doc>Clicks the button identified by ``locator``.</doc>
<status status="PASS" start="2025-01-28T08:26:10.659798" elapsed="0.502509"/>
</kw>
<kw name="Close All Browsers" owner="SeleniumLibrary" type="TEARDOWN">
<doc>Closes all open browsers and resets the browser cache.</doc>
<status status="PASS" start="2025-01-28T08:26:11.169433" elapsed="3.236816"/>
</kw>
<doc>Verify invalid Login</doc>
<status status="PASS" start="2025-01-28T08:26:05.118152" elapsed="9.288487"/>
</test>
<test id="s1-t3" name="test 3" line="43">
<kw name="Launch Browser" owner="General_Controller" type="SETUP">
<kw name="Open Browser" owner="SeleniumLibrary">
<msg time="2025-01-28T08:26:14.422397" level="INFO">Opening browser 'chrome' to base url 'https://hrlite-dost5.asti.dost.gov.ph/index.php?r=site/systemSetup'.</msg>
<arg>${url}</arg>
<arg>${browser}</arg>
<doc>Opens a new browser instance to the optional ``url``.</doc>
<status status="PASS" start="2025-01-28T08:26:14.422116" elapsed="5.569141"/>
</kw>
<kw name="Maximize Browser Window" owner="SeleniumLibrary">
<doc>Maximizes current browser window.</doc>
<status status="PASS" start="2025-01-28T08:26:19.998052" elapsed="0.031836"/>
</kw>
<kw name="Set Browser Implicit Wait" owner="SeleniumLibrary">
<arg>5s</arg>
<doc>Sets the implicit wait value used by Selenium.</doc>
<status status="PASS" start="2025-01-28T08:26:20.030216" elapsed="0.001226"/>
</kw>
<status status="PASS" start="2025-01-28T08:26:14.421660" elapsed="5.610081"/>
</kw>
<kw name="Set Selenium Implicit Wait" owner="SeleniumLibrary">
<arg>${short}</arg>
<doc>Sets the implicit wait value used by Selenium.</doc>
<status status="PASS" start="2025-01-28T08:26:20.032066" elapsed="0.001202"/>
</kw>
<kw name="Input Text" owner="SeleniumLibrary">
<msg time="2025-01-28T08:26:20.033829" level="INFO">Typing text 'test' into text field '//input[@id='LoginForm_username']'.</msg>
<arg>//input[@id='LoginForm_username']</arg>
<arg>test</arg>
<doc>Types the given ``text`` into the text field identified by ``locator``.</doc>
<status status="PASS" start="2025-01-28T08:26:20.033639" elapsed="0.128619"/>
</kw>
<kw name="Input Password" owner="SeleniumLibrary">
<msg time="2025-01-28T08:26:20.171743" level="INFO">Typing password into text field '//input[@id='LoginForm_password']'.</msg>
<msg time="2025-01-28T08:26:20.212896" level="INFO">Temporally setting log level to: NONE</msg>
<arg>//input[@id='LoginForm_password']</arg>
<arg>test</arg>
<doc>Types the given password into the text field identified by ``locator``.</doc>
<status status="PASS" start="2025-01-28T08:26:20.171126" elapsed="0.107757"/>
</kw>
<kw name="Click Button" owner="SeleniumLibrary">
<msg time="2025-01-28T08:26:20.285975" level="INFO">Clicking button '//button[@class='btn pull-right btn-primary btn-lg']'.</msg>
<arg>//button[@class='btn pull-right btn-primary btn-lg']</arg>
<doc>Clicks the button identified by ``locator``.</doc>
<status status="PASS" start="2025-01-28T08:26:20.285768" elapsed="5.714975"/>
</kw>
<kw name="Close All Browsers" owner="SeleniumLibrary" type="TEARDOWN">
<doc>Closes all open browsers and resets the browser cache.</doc>
<status status="PASS" start="2025-01-28T08:26:26.007973" elapsed="3.394975"/>
</kw>
<doc>Verify invalid Login</doc>
<status status="PASS" start="2025-01-28T08:26:14.418453" elapsed="14.984915"/>
</test>
<status status="PASS" start="2025-01-28T08:25:47.742972" elapsed="41.675028"/>
</suite>
<statistics>
<total>
<stat pass="3" fail="0" skip="0">All Tests</stat>
</total>
<tag>
</tag>
<suite>
<stat name="Login" id="s1" pass="3" fail="0" skip="0">Login</stat>
</suite>
</statistics>
<errors>
</errors>
</robot>
