<?xml version="1.0" encoding="UTF-8"?>
<robot generator="Rebot 7.2 (Python 3.12.8 on win32)" generated="2025-02-05T00:14:05.498408" rpa="false" schemaversion="5">
<suite id="s1" name="Login" source="C:\project\HRLITE\Test_cases\Login.robot">
<test id="s1-t1" name="oValid Login1" line="54">
<kw name="Launch Browser" owner="General_Controller" type="SETUP">
<kw name="Open Browser" owner="SeleniumLibrary">
<msg time="2025-02-05T00:13:54.056727" level="INFO">Opening browser 'chrome' to base url 'https://www.saucedemo.com/'.</msg>
<arg>${url}</arg>
<arg>${browser1}</arg>
<doc>Opens a new browser instance to the optional ``url``.</doc>
<status status="PASS" start="2025-02-05T00:13:54.056727" elapsed="1.815475"/>
</kw>
<kw name="Maximize Browser Window" owner="SeleniumLibrary">
<doc>Maximizes current browser window.</doc>
<status status="PASS" start="2025-02-05T00:13:55.873202" elapsed="0.021165"/>
</kw>
<kw name="Set Browser Implicit Wait" owner="SeleniumLibrary">
<arg>5s</arg>
<doc>Sets the implicit wait value used by Selenium.</doc>
<status status="PASS" start="2025-02-05T00:13:55.895368" elapsed="0.001000"/>
</kw>
<status status="PASS" start="2025-02-05T00:13:54.055727" elapsed="1.840641"/>
</kw>
<kw name="Wait Until Element Is Visible" owner="SeleniumLibrary">
<arg>//input[@id='user-name']</arg>
<doc>Waits until the element ``locator`` is visible.</doc>
<status status="PASS" start="2025-02-05T00:13:55.896368" elapsed="0.015172"/>
</kw>
<kw name="Input Text" owner="SeleniumLibrary">
<msg time="2025-02-05T00:13:55.912539" level="INFO">Typing text 'standard_user' into text field '//input[@id='user-name']'.</msg>
<arg>//input[@id='user-name']</arg>
<arg>standard_user</arg>
<doc>Types the given ``text`` into the text field identified by ``locator``.</doc>
<status status="PASS" start="2025-02-05T00:13:55.912539" elapsed="0.078067"/>
</kw>
<kw name="Input Password" owner="SeleniumLibrary">
<msg time="2025-02-05T00:13:55.993607" level="INFO">Typing password into text field '//input[@id='password']'.</msg>
<msg time="2025-02-05T00:13:56.018738" level="INFO">Temporally setting log level to: NONE</msg>
<arg>//input[@id='password']</arg>
<arg>secret_sauce</arg>
<doc>Types the given password into the text field identified by ``locator``.</doc>
<status status="PASS" start="2025-02-05T00:13:55.992607" elapsed="0.058489"/>
</kw>
<kw name="Click Button" owner="SeleniumLibrary">
<msg time="2025-02-05T00:13:56.052097" level="INFO">Clicking button '//input[@id='login-button']'.</msg>
<arg>//input[@id='login-button']</arg>
<doc>Clicks the button identified by ``locator``.</doc>
<status status="PASS" start="2025-02-05T00:13:56.052097" elapsed="0.067406"/>
</kw>
<kw name="Sleep" owner="BuiltIn">
<msg time="2025-02-05T00:13:59.120574" level="INFO">Slept 3 seconds.</msg>
<arg>3s</arg>
<doc>Pauses the test executed for the given time.</doc>
<status status="PASS" start="2025-02-05T00:13:56.120502" elapsed="3.000072"/>
</kw>
<kw name="Close All Browsers" owner="SeleniumLibrary" type="TEARDOWN">
<doc>Closes all open browsers and resets the browser cache.</doc>
<status status="PASS" start="2025-02-05T00:13:59.121576" elapsed="2.103307"/>
</kw>
<doc>Verify Valid Login</doc>
<status status="PASS" start="2025-02-05T00:13:54.055727" elapsed="7.169156"/>
</test>
<doc>[https://pabot.org/?ref=log|Pabot] result from 1 executions.</doc>
<status status="PASS" start="2025-02-05T00:13:53.864000" elapsed="7.170000"/>
</suite>
<statistics>
<total>
<stat pass="1" fail="0" skip="0">All Tests</stat>
</total>
<tag>
</tag>
<suite>
<stat name="Login" id="s1" pass="1" fail="0" skip="0">Login</stat>
</suite>
</statistics>
<errors>
</errors>
</robot>
