<?xml version="1.0" encoding="UTF-8"?>
<robot generator="Rebot 7.2 (Python 3.13.1 on win32)" generated="2025-01-31T12:56:48.266333" rpa="false" schemaversion="5">
<suite id="s1" name="Login" source="C:\project\HRLITE\Test_cases\Login.robot">
<test id="s1-t1" name="oValid Login1" line="54">
<kw name="Launch Browser" owner="General_Controller" type="SETUP">
<kw name="Open Browser" owner="SeleniumLibrary">
<msg time="2025-01-31T12:54:54.552327" level="INFO">Opening browser 'headlesschrome' to base url 'https://opensource-demo.orangehrmlive.com/web/index.php/auth/login'.</msg>
<arg>${url}</arg>
<arg>${browser1}</arg>
<doc>Opens a new browser instance to the optional ``url``.</doc>
<status status="PASS" start="2025-01-31T12:54:54.552108" elapsed="6.441336"/>
</kw>
<kw name="Maximize Browser Window" owner="SeleniumLibrary">
<doc>Maximizes current browser window.</doc>
<status status="PASS" start="2025-01-31T12:55:01.001042" elapsed="0.030590"/>
</kw>
<kw name="Set Browser Implicit Wait" owner="SeleniumLibrary">
<arg>5s</arg>
<doc>Sets the implicit wait value used by Selenium.</doc>
<status status="PASS" start="2025-01-31T12:55:01.032426" elapsed="0.002141"/>
</kw>
<status status="PASS" start="2025-01-31T12:54:54.551596" elapsed="6.483785"/>
</kw>
<kw name="Wait Until Element Is Visible" owner="SeleniumLibrary">
<arg>//input[@name='username']</arg>
<doc>Waits until the element ``locator`` is visible.</doc>
<status status="PASS" start="2025-01-31T12:55:01.036130" elapsed="0.416505"/>
</kw>
<kw name="Input Text" owner="SeleniumLibrary">
<msg time="2025-01-31T12:55:01.453317" level="INFO">Typing text 'Admin' into text field '//input[@name='username']'.</msg>
<arg>//input[@name='username']</arg>
<arg>Admin</arg>
<doc>Types the given ``text`` into the text field identified by ``locator``.</doc>
<status status="PASS" start="2025-01-31T12:55:01.453037" elapsed="0.113644"/>
</kw>
<kw name="Input Password" owner="SeleniumLibrary">
<msg time="2025-01-31T12:55:01.574788" level="INFO">Typing password into text field '//input[@name='password']'.</msg>
<msg time="2025-01-31T12:55:01.640010" level="INFO">Temporally setting log level to: NONE</msg>
<arg>//input[@name='password']</arg>
<arg>admin123</arg>
<doc>Types the given password into the text field identified by ``locator``.</doc>
<status status="PASS" start="2025-01-31T12:55:01.574362" elapsed="0.162173"/>
</kw>
<kw name="Click Button" owner="SeleniumLibrary">
<msg time="2025-01-31T12:55:01.747686" level="INFO">Clicking button '//button[@type='submit']'.</msg>
<arg>//button[@type='submit']</arg>
<doc>Clicks the button identified by ``locator``.</doc>
<status status="PASS" start="2025-01-31T12:55:01.747353" elapsed="1.362899"/>
</kw>
<kw name="Wait Until Element Is Visible" owner="SeleniumLibrary">
<arg>//h6[text()='Dashboard']</arg>
<doc>Waits until the element ``locator`` is visible.</doc>
<status status="PASS" start="2025-01-31T12:55:03.117774" elapsed="0.426929"/>
</kw>
<kw name="Close All Browsers" owner="SeleniumLibrary" type="TEARDOWN">
<doc>Closes all open browsers and resets the browser cache.</doc>
<status status="PASS" start="2025-01-31T12:55:03.545353" elapsed="3.263605"/>
</kw>
<doc>Verify Valid Login</doc>
<status status="PASS" start="2025-01-31T12:54:54.551063" elapsed="12.258342"/>
</test>
<test id="s1-t2" name="oinValid Login2" line="63">
<kw name="Launch Browser" owner="General_Controller" type="SETUP">
<kw name="Open Browser" owner="SeleniumLibrary">
<msg time="2025-01-31T12:55:06.820064" level="INFO">Opening browser 'headlesschrome' to base url 'https://opensource-demo.orangehrmlive.com/web/index.php/auth/login'.</msg>
<arg>${url}</arg>
<arg>${browser1}</arg>
<doc>Opens a new browser instance to the optional ``url``.</doc>
<status status="PASS" start="2025-01-31T12:55:06.819712" elapsed="6.315288"/>
</kw>
<kw name="Maximize Browser Window" owner="SeleniumLibrary">
<doc>Maximizes current browser window.</doc>
<status status="PASS" start="2025-01-31T12:55:13.143044" elapsed="0.031464"/>
</kw>
<kw name="Set Browser Implicit Wait" owner="SeleniumLibrary">
<arg>5s</arg>
<doc>Sets the implicit wait value used by Selenium.</doc>
<status status="PASS" start="2025-01-31T12:55:13.175079" elapsed="0.002368"/>
</kw>
<status status="PASS" start="2025-01-31T12:55:06.819212" elapsed="6.358588"/>
</kw>
<kw name="Wait Until Element Is Visible" owner="SeleniumLibrary">
<arg>//input[@name='username']</arg>
<doc>Waits until the element ``locator`` is visible.</doc>
<status status="PASS" start="2025-01-31T12:55:13.178159" elapsed="0.390440"/>
</kw>
<kw name="Input Text" owner="SeleniumLibrary">
<msg time="2025-01-31T12:55:13.569202" level="INFO">Typing text 'Admin' into text field '//input[@name='username']'.</msg>
<arg>//input[@name='username']</arg>
<arg>Admin</arg>
<doc>Types the given ``text`` into the text field identified by ``locator``.</doc>
<status status="PASS" start="2025-01-31T12:55:13.568948" elapsed="0.102067"/>
</kw>
<kw name="Input Password" owner="SeleniumLibrary">
<msg time="2025-01-31T12:55:13.679254" level="INFO">Typing password into text field '//input[@name='password']'.</msg>
<msg time="2025-01-31T12:55:13.725016" level="INFO">Temporally setting log level to: NONE</msg>
<arg>//input[@name='password']</arg>
<arg>admin12y3</arg>
<doc>Types the given password into the text field identified by ``locator``.</doc>
<status status="PASS" start="2025-01-31T12:55:13.678953" elapsed="0.124850"/>
</kw>
<kw name="Click Button" owner="SeleniumLibrary">
<msg time="2025-01-31T12:55:13.810806" level="INFO">Clicking button '//button[@type='submit']'.</msg>
<arg>//button[@type='submit']</arg>
<doc>Clicks the button identified by ``locator``.</doc>
<status status="PASS" start="2025-01-31T12:55:13.810496" elapsed="0.091367"/>
</kw>
<kw name="Wait Until Element Is Visible" owner="SeleniumLibrary">
<arg>//p[text()='Invalid credentials']</arg>
<doc>Waits until the element ``locator`` is visible.</doc>
<status status="PASS" start="2025-01-31T12:55:13.910604" elapsed="1.684033"/>
</kw>
<kw name="Close All Browsers" owner="SeleniumLibrary" type="TEARDOWN">
<doc>Closes all open browsers and resets the browser cache.</doc>
<status status="PASS" start="2025-01-31T12:55:15.595080" elapsed="3.187599"/>
</kw>
<doc>Verify inValid Login</doc>
<status status="PASS" start="2025-01-31T12:55:06.818548" elapsed="11.964574"/>
</test>
<test id="s1-t3" name="oinValid Login3" line="72">
<kw name="Launch Browser" owner="General_Controller" type="SETUP">
<kw name="Open Browser" owner="SeleniumLibrary">
<msg time="2025-01-31T12:55:18.801325" level="INFO">Opening browser 'headlesschrome' to base url 'https://opensource-demo.orangehrmlive.com/web/index.php/auth/login'.</msg>
<arg>${url}</arg>
<arg>${browser1}</arg>
<doc>Opens a new browser instance to the optional ``url``.</doc>
<status status="PASS" start="2025-01-31T12:55:18.801067" elapsed="6.418019"/>
</kw>
<kw name="Maximize Browser Window" owner="SeleniumLibrary">
<doc>Maximizes current browser window.</doc>
<status status="PASS" start="2025-01-31T12:55:25.225477" elapsed="0.035069"/>
</kw>
<kw name="Set Browser Implicit Wait" owner="SeleniumLibrary">
<arg>5s</arg>
<doc>Sets the implicit wait value used by Selenium.</doc>
<status status="PASS" start="2025-01-31T12:55:25.261266" elapsed="0.002890"/>
</kw>
<status status="PASS" start="2025-01-31T12:55:18.800703" elapsed="6.463690"/>
</kw>
<kw name="Wait Until Element Is Visible" owner="SeleniumLibrary">
<arg>//input[@name='username']</arg>
<doc>Waits until the element ``locator`` is visible.</doc>
<status status="PASS" start="2025-01-31T12:55:25.264624" elapsed="0.373352"/>
</kw>
<kw name="Input Text" owner="SeleniumLibrary">
<msg time="2025-01-31T12:55:25.638504" level="INFO">Typing text 'Admin' into text field '//input[@name='username']'.</msg>
<arg>//input[@name='username']</arg>
<arg>Admin</arg>
<doc>Types the given ``text`` into the text field identified by ``locator``.</doc>
<status status="PASS" start="2025-01-31T12:55:25.638284" elapsed="0.126484"/>
</kw>
<kw name="Input Password" owner="SeleniumLibrary">
<msg time="2025-01-31T12:55:25.772547" level="INFO">Typing password into text field '//input[@name='password']'.</msg>
<msg time="2025-01-31T12:55:25.821540" level="INFO">Temporally setting log level to: NONE</msg>
<arg>//input[@name='password']</arg>
<arg>admin12y3</arg>
<doc>Types the given password into the text field identified by ``locator``.</doc>
<status status="PASS" start="2025-01-31T12:55:25.772039" elapsed="0.114007"/>
</kw>
<kw name="Click Button" owner="SeleniumLibrary">
<msg time="2025-01-31T12:55:25.894872" level="INFO">Clicking button '//button[@type='submit']'.</msg>
<arg>//button[@type='submit']</arg>
<doc>Clicks the button identified by ``locator``.</doc>
<status status="PASS" start="2025-01-31T12:55:25.894440" elapsed="1.460802"/>
</kw>
<kw name="Wait Until Element Is Visible" owner="SeleniumLibrary">
<arg>//p[text()='Invalid credentials']</arg>
<doc>Waits until the element ``locator`` is visible.</doc>
<status status="PASS" start="2025-01-31T12:55:27.362768" elapsed="0.431188"/>
</kw>
<kw name="Close All Browsers" owner="SeleniumLibrary" type="TEARDOWN">
<doc>Closes all open browsers and resets the browser cache.</doc>
<status status="PASS" start="2025-01-31T12:55:27.794900" elapsed="3.152730"/>
</kw>
<doc>Verify inValid Login</doc>
<status status="PASS" start="2025-01-31T12:55:18.797751" elapsed="12.150551"/>
</test>
<test id="s1-t4" name="oinValid Login4" line="81">
<kw name="Launch Browser" owner="General_Controller" type="SETUP">
<kw name="Open Browser" owner="SeleniumLibrary">
<msg time="2025-01-31T12:55:30.964756" level="INFO">Opening browser 'headlesschrome' to base url 'https://opensource-demo.orangehrmlive.com/web/index.php/auth/login'.</msg>
<arg>${url}</arg>
<arg>${browser1}</arg>
<doc>Opens a new browser instance to the optional ``url``.</doc>
<status status="PASS" start="2025-01-31T12:55:30.964303" elapsed="4.340205"/>
</kw>
<kw name="Maximize Browser Window" owner="SeleniumLibrary">
<doc>Maximizes current browser window.</doc>
<status status="PASS" start="2025-01-31T12:55:35.316128" elapsed="2.044572"/>
</kw>
<kw name="Set Browser Implicit Wait" owner="SeleniumLibrary">
<arg>5s</arg>
<doc>Sets the implicit wait value used by Selenium.</doc>
<status status="PASS" start="2025-01-31T12:55:37.361605" elapsed="0.002322"/>
</kw>
<status status="PASS" start="2025-01-31T12:55:30.963572" elapsed="6.400753"/>
</kw>
<kw name="Wait Until Element Is Visible" owner="SeleniumLibrary">
<arg>//input[@name='username']</arg>
<doc>Waits until the element ``locator`` is visible.</doc>
<status status="PASS" start="2025-01-31T12:55:37.364618" elapsed="0.425114"/>
</kw>
<kw name="Input Text" owner="SeleniumLibrary">
<msg time="2025-01-31T12:55:37.790464" level="INFO">Typing text 'Admin' into text field '//input[@name='username']'.</msg>
<arg>//input[@name='username']</arg>
<arg>Admin</arg>
<doc>Types the given ``text`` into the text field identified by ``locator``.</doc>
<status status="PASS" start="2025-01-31T12:55:37.790149" elapsed="0.123362"/>
</kw>
<kw name="Input Password" owner="SeleniumLibrary">
<msg time="2025-01-31T12:55:37.920843" level="INFO">Typing password into text field '//input[@name='password']'.</msg>
<msg time="2025-01-31T12:55:37.958450" level="INFO">Temporally setting log level to: NONE</msg>
<arg>//input[@name='password']</arg>
<arg>admin12y3</arg>
<doc>Types the given password into the text field identified by ``locator``.</doc>
<status status="PASS" start="2025-01-31T12:55:37.920520" elapsed="0.091936"/>
</kw>
<kw name="Click Button" owner="SeleniumLibrary">
<msg time="2025-01-31T12:55:38.019804" level="INFO">Clicking button '//button[@type='submit']'.</msg>
<arg>//button[@type='submit']</arg>
<doc>Clicks the button identified by ``locator``.</doc>
<status status="PASS" start="2025-01-31T12:55:38.019286" elapsed="0.100183"/>
</kw>
<kw name="Wait Until Element Is Visible" owner="SeleniumLibrary">
<arg>//p[text()='Invalid credentials']</arg>
<doc>Waits until the element ``locator`` is visible.</doc>
<status status="PASS" start="2025-01-31T12:55:38.128328" elapsed="1.638985"/>
</kw>
<kw name="Close All Browsers" owner="SeleniumLibrary" type="TEARDOWN">
<doc>Closes all open browsers and resets the browser cache.</doc>
<status status="PASS" start="2025-01-31T12:55:39.768214" elapsed="3.200604"/>
</kw>
<doc>Verify inValid Login</doc>
<status status="PASS" start="2025-01-31T12:55:30.962785" elapsed="12.006552"/>
</test>
<test id="s1-t5" name="oinValid Login5" line="90">
<kw name="Launch Browser" owner="General_Controller" type="SETUP">
<kw name="Open Browser" owner="SeleniumLibrary">
<msg time="2025-01-31T12:55:42.985546" level="INFO">Opening browser 'headlesschrome' to base url 'https://opensource-demo.orangehrmlive.com/web/index.php/auth/login'.</msg>
<arg>${url}</arg>
<arg>${browser1}</arg>
<doc>Opens a new browser instance to the optional ``url``.</doc>
<status status="PASS" start="2025-01-31T12:55:42.985103" elapsed="6.411336"/>
</kw>
<kw name="Maximize Browser Window" owner="SeleniumLibrary">
<doc>Maximizes current browser window.</doc>
<status status="PASS" start="2025-01-31T12:55:49.403213" elapsed="0.037279"/>
</kw>
<kw name="Set Browser Implicit Wait" owner="SeleniumLibrary">
<arg>5s</arg>
<doc>Sets the implicit wait value used by Selenium.</doc>
<status status="PASS" start="2025-01-31T12:55:49.440888" elapsed="0.001825"/>
</kw>
<status status="PASS" start="2025-01-31T12:55:42.984473" elapsed="6.458539"/>
</kw>
<kw name="Wait Until Element Is Visible" owner="SeleniumLibrary">
<arg>//input[@name='username']</arg>
<doc>Waits until the element ``locator`` is visible.</doc>
<status status="PASS" start="2025-01-31T12:55:49.443263" elapsed="0.400574"/>
</kw>
<kw name="Input Text" owner="SeleniumLibrary">
<msg time="2025-01-31T12:55:49.845025" level="INFO">Typing text 'Admin' into text field '//input[@name='username']'.</msg>
<arg>//input[@name='username']</arg>
<arg>Admin</arg>
<doc>Types the given ``text`` into the text field identified by ``locator``.</doc>
<status status="PASS" start="2025-01-31T12:55:49.844443" elapsed="0.115511"/>
</kw>
<kw name="Input Password" owner="SeleniumLibrary">
<msg time="2025-01-31T12:55:49.968397" level="INFO">Typing password into text field '//input[@name='password']'.</msg>
<msg time="2025-01-31T12:55:50.031752" level="INFO">Temporally setting log level to: NONE</msg>
<arg>//input[@name='password']</arg>
<arg>admin12y3</arg>
<doc>Types the given password into the text field identified by ``locator``.</doc>
<status status="PASS" start="2025-01-31T12:55:49.968086" elapsed="0.162653"/>
</kw>
<kw name="Click Button" owner="SeleniumLibrary">
<msg time="2025-01-31T12:55:50.144090" level="INFO">Clicking button '//button[@type='submit']'.</msg>
<arg>//button[@type='submit']</arg>
<doc>Clicks the button identified by ``locator``.</doc>
<status status="PASS" start="2025-01-31T12:55:50.143642" elapsed="0.132630"/>
</kw>
<kw name="Wait Until Element Is Visible" owner="SeleniumLibrary">
<arg>//p[text()='Invalid credentials']</arg>
<doc>Waits until the element ``locator`` is visible.</doc>
<status status="PASS" start="2025-01-31T12:55:50.284367" elapsed="1.486865"/>
</kw>
<kw name="Close All Browsers" owner="SeleniumLibrary" type="TEARDOWN">
<doc>Closes all open browsers and resets the browser cache.</doc>
<status status="PASS" start="2025-01-31T12:55:51.772738" elapsed="14.419012"/>
</kw>
<doc>Verify inValid Login</doc>
<status status="PASS" start="2025-01-31T12:55:42.983675" elapsed="23.208733"/>
</test>
<test id="s1-t6" name="oinValid Login6" line="99">
<kw name="Launch Browser" owner="General_Controller" type="SETUP">
<kw name="Open Browser" owner="SeleniumLibrary">
<msg time="2025-01-31T12:56:06.210461" level="INFO">Opening browser 'headlesschrome' to base url 'https://opensource-demo.orangehrmlive.com/web/index.php/auth/login'.</msg>
<arg>${url}</arg>
<arg>${browser1}</arg>
<doc>Opens a new browser instance to the optional ``url``.</doc>
<status status="PASS" start="2025-01-31T12:56:06.209925" elapsed="6.815696"/>
</kw>
<kw name="Maximize Browser Window" owner="SeleniumLibrary">
<doc>Maximizes current browser window.</doc>
<status status="PASS" start="2025-01-31T12:56:13.033865" elapsed="0.034416"/>
</kw>
<kw name="Set Browser Implicit Wait" owner="SeleniumLibrary">
<arg>5s</arg>
<doc>Sets the implicit wait value used by Selenium.</doc>
<status status="PASS" start="2025-01-31T12:56:13.068779" elapsed="0.001974"/>
</kw>
<status status="PASS" start="2025-01-31T12:56:06.209222" elapsed="6.862052"/>
</kw>
<kw name="Wait Until Element Is Visible" owner="SeleniumLibrary">
<arg>//input[@name='username']</arg>
<doc>Waits until the element ``locator`` is visible.</doc>
<status status="PASS" start="2025-01-31T12:56:13.071858" elapsed="0.401915"/>
</kw>
<kw name="Input Text" owner="SeleniumLibrary">
<msg time="2025-01-31T12:56:13.474926" level="INFO">Typing text 'Admin' into text field '//input[@name='username']'.</msg>
<arg>//input[@name='username']</arg>
<arg>Admin</arg>
<doc>Types the given ``text`` into the text field identified by ``locator``.</doc>
<status status="PASS" start="2025-01-31T12:56:13.474421" elapsed="0.131436"/>
</kw>
<kw name="Input Password" owner="SeleniumLibrary">
<msg time="2025-01-31T12:56:13.614918" level="INFO">Typing password into text field '//input[@name='password']'.</msg>
<msg time="2025-01-31T12:56:13.674327" level="INFO">Temporally setting log level to: NONE</msg>
<arg>//input[@name='password']</arg>
<arg>admin12y3</arg>
<doc>Types the given password into the text field identified by ``locator``.</doc>
<status status="PASS" start="2025-01-31T12:56:13.613944" elapsed="0.160934"/>
</kw>
<kw name="Click Button" owner="SeleniumLibrary">
<msg time="2025-01-31T12:56:13.786529" level="INFO">Clicking button '//button[@type='submit']'.</msg>
<arg>//button[@type='submit']</arg>
<doc>Clicks the button identified by ``locator``.</doc>
<status status="PASS" start="2025-01-31T12:56:13.786206" elapsed="0.093838"/>
</kw>
<kw name="Wait Until Element Is Visible" owner="SeleniumLibrary">
<arg>//p[text()='Invalid credentials']</arg>
<doc>Waits until the element ``locator`` is visible.</doc>
<status status="PASS" start="2025-01-31T12:56:13.888294" elapsed="1.529235"/>
</kw>
<kw name="Close All Browsers" owner="SeleniumLibrary" type="TEARDOWN">
<doc>Closes all open browsers and resets the browser cache.</doc>
<status status="PASS" start="2025-01-31T12:56:15.418094" elapsed="3.458084"/>
</kw>
<doc>Verify inValid Login</doc>
<status status="PASS" start="2025-01-31T12:56:06.208256" elapsed="12.668423"/>
</test>
<test id="s1-t7" name="oinValid Login7" line="108">
<kw name="Launch Browser" owner="General_Controller" type="SETUP">
<kw name="Open Browser" owner="SeleniumLibrary">
<msg time="2025-01-31T12:56:18.893524" level="INFO">Opening browser 'headlesschrome' to base url 'https://opensource-demo.orangehrmlive.com/web/index.php/auth/login'.</msg>
<arg>${url}</arg>
<arg>${browser1}</arg>
<doc>Opens a new browser instance to the optional ``url``.</doc>
<status status="PASS" start="2025-01-31T12:56:18.893125" elapsed="6.640024"/>
</kw>
<kw name="Maximize Browser Window" owner="SeleniumLibrary">
<doc>Maximizes current browser window.</doc>
<status status="PASS" start="2025-01-31T12:56:25.539592" elapsed="0.032896"/>
</kw>
<kw name="Set Browser Implicit Wait" owner="SeleniumLibrary">
<arg>5s</arg>
<doc>Sets the implicit wait value used by Selenium.</doc>
<status status="PASS" start="2025-01-31T12:56:25.573098" elapsed="0.002292"/>
</kw>
<status status="PASS" start="2025-01-31T12:56:18.892407" elapsed="6.683426"/>
</kw>
<kw name="Wait Until Element Is Visible" owner="SeleniumLibrary">
<arg>//input[@name='username']</arg>
<doc>Waits until the element ``locator`` is visible.</doc>
<status status="PASS" start="2025-01-31T12:56:25.576324" elapsed="0.394725"/>
</kw>
<kw name="Input Text" owner="SeleniumLibrary">
<msg time="2025-01-31T12:56:25.971767" level="INFO">Typing text 'Admin' into text field '//input[@name='username']'.</msg>
<arg>//input[@name='username']</arg>
<arg>Admin</arg>
<doc>Types the given ``text`` into the text field identified by ``locator``.</doc>
<status status="PASS" start="2025-01-31T12:56:25.971360" elapsed="0.132083"/>
</kw>
<kw name="Input Password" owner="SeleniumLibrary">
<msg time="2025-01-31T12:56:26.111312" level="INFO">Typing password into text field '//input[@name='password']'.</msg>
<msg time="2025-01-31T12:56:26.183278" level="INFO">Temporally setting log level to: NONE</msg>
<arg>//input[@name='password']</arg>
<arg>admin12y3</arg>
<doc>Types the given password into the text field identified by ``locator``.</doc>
<status status="PASS" start="2025-01-31T12:56:26.110934" elapsed="0.155986"/>
</kw>
<kw name="Click Button" owner="SeleniumLibrary">
<msg time="2025-01-31T12:56:26.278194" level="INFO">Clicking button '//button[@type='submit']'.</msg>
<arg>//button[@type='submit']</arg>
<doc>Clicks the button identified by ``locator``.</doc>
<status status="PASS" start="2025-01-31T12:56:26.277831" elapsed="1.279520"/>
</kw>
<kw name="Wait Until Element Is Visible" owner="SeleniumLibrary">
<arg>//p[text()='Invalid credentials']</arg>
<doc>Waits until the element ``locator`` is visible.</doc>
<status status="PASS" start="2025-01-31T12:56:27.571541" elapsed="0.387144"/>
</kw>
<kw name="Close All Browsers" owner="SeleniumLibrary" type="TEARDOWN">
<doc>Closes all open browsers and resets the browser cache.</doc>
<status status="PASS" start="2025-01-31T12:56:27.959135" elapsed="3.405414"/>
</kw>
<doc>Verify inValid Login</doc>
<status status="PASS" start="2025-01-31T12:56:18.890496" elapsed="12.474576"/>
</test>
<doc>[https://pabot.org/?ref=log|Pabot] result from 1 executions.</doc>
<status status="PASS" start="2025-01-31T12:54:54.035000" elapsed="96.732000"/>
</suite>
<statistics>
<total>
<stat pass="7" fail="0" skip="0">All Tests</stat>
</total>
<tag>
</tag>
<suite>
<stat name="Login" id="s1" pass="7" fail="0" skip="0">Login</stat>
</suite>
</statistics>
<errors>
</errors>
</robot>
